This file contains any messages produced by compilers while
running configure, to aid debugging if configure makes a mistake.

It was created by cryptopANT configure 1.3.1, which was
generated by GNU Autoconf 2.71.  Invocation command line was

  $ ./configure --prefix=/home/pedro-andrade/Projects/ufsm/tcc/sniffer/lib/install/cryptopANT --disable-shared --enable-static

## --------- ##
## Platform. ##
## --------- ##

hostname = pedro-andrade-Legion-5-15IAH7H
uname -m = x86_64
uname -r = 6.11.0-26-generic
uname -s = Linux
uname -v = #26-Ubuntu SMP PREEMPT_DYNAMIC Sat Apr 12 11:25:41 UTC 2025

/usr/bin/uname -p = x86_64
/bin/uname -X     = unknown

/bin/arch              = x86_64
/usr/bin/arch -k       = unknown
/usr/convex/getsysinfo = unknown
/usr/bin/hostinfo      = unknown
/bin/machine           = unknown
/usr/bin/oslevel       = unknown
/bin/universe          = unknown

PATH: /usr/local/sbin/
PATH: /usr/local/bin/
PATH: /usr/sbin/
PATH: /usr/bin/
PATH: /sbin/
PATH: /bin/
PATH: /usr/games/
PATH: /usr/local/games/
PATH: /snap/bin/
PATH: /snap/bin/


## ----------- ##
## Core tests. ##
## ----------- ##

configure:2586: looking for aux files: config.guess config.sub ltmain.sh ar-lib missing install-sh compile
configure:2599:  trying ./
configure:2628:   ./config.guess found
configure:2628:   ./config.sub found
configure:2628:   ./ltmain.sh found
configure:2628:   ./ar-lib found
configure:2628:   ./missing found
configure:2610:   ./install-sh found
configure:2628:   ./compile found
configure:2804: checking for gcc
configure:2825: found /usr/bin/gcc
configure:2836: result: gcc
configure:3189: checking for C compiler version
configure:3198: gcc --version >&5
gcc (Ubuntu 14.2.0-4ubuntu2) 14.2.0
Copyright (C) 2024 Free Software Foundation, Inc.
This is free software; see the source for copying conditions.  There is NO
warranty; not even for MERCHANTABILITY or FITNESS FOR A PARTICULAR PURPOSE.

configure:3209: $? = 0
configure:3198: gcc -v >&5
Using built-in specs.
COLLECT_GCC=gcc
COLLECT_LTO_WRAPPER=/usr/libexec/gcc/x86_64-linux-gnu/14/lto-wrapper
OFFLOAD_TARGET_NAMES=nvptx-none:amdgcn-amdhsa
OFFLOAD_TARGET_DEFAULT=1
Target: x86_64-linux-gnu
Configured with: ../src/configure -v --with-pkgversion='Ubuntu 14.2.0-4ubuntu2' --with-bugurl=file:///usr/share/doc/gcc-14/README.Bugs --enable-languages=c,ada,c++,go,d,fortran,objc,obj-c++,m2,rust --prefix=/usr --with-gcc-major-version-only --program-suffix=-14 --program-prefix=x86_64-linux-gnu- --enable-shared --enable-linker-build-id --libexecdir=/usr/libexec --without-included-gettext --enable-threads=posix --libdir=/usr/lib --enable-nls --enable-bootstrap --enable-clocale=gnu --enable-libstdcxx-debug --enable-libstdcxx-time=yes --with-default-libstdcxx-abi=new --enable-libstdcxx-backtrace --enable-gnu-unique-object --disable-vtable-verify --enable-plugin --enable-default-pie --with-system-zlib --enable-libphobos-checking=release --with-target-system-zlib=auto --enable-objc-gc=auto --enable-multiarch --disable-werror --enable-cet --with-arch-32=i686 --with-abi=m64 --with-multilib-list=m32,m64,mx32 --enable-multilib --with-tune=generic --enable-offload-targets=nvptx-none=/build/gcc-14-zdkDXv/gcc-14-14.2.0/debian/tmp-nvptx/usr,amdgcn-amdhsa=/build/gcc-14-zdkDXv/gcc-14-14.2.0/debian/tmp-gcn/usr --enable-offload-defaulted --without-cuda-driver --enable-checking=release --build=x86_64-linux-gnu --host=x86_64-linux-gnu --target=x86_64-linux-gnu --with-build-config=bootstrap-lto-lean --enable-link-serialization=2
Thread model: posix
Supported LTO compression algorithms: zlib zstd
gcc version 14.2.0 (Ubuntu 14.2.0-4ubuntu2) 
... rest of stderr output deleted ...
configure:3209: $? = 0
configure:3198: gcc -V >&5
gcc: error: unrecognized command-line option '-V'
gcc: fatal error: no input files
compilation terminated.
configure:3209: $? = 1
configure:3198: gcc -qversion >&5
gcc: error: unrecognized command-line option '-qversion'; did you mean '--version'?
gcc: fatal error: no input files
compilation terminated.
configure:3209: $? = 1
configure:3198: gcc -version >&5
gcc: error: unrecognized command-line option '-version'
gcc: fatal error: no input files
compilation terminated.
configure:3209: $? = 1
configure:3229: checking whether the C compiler works
configure:3251: gcc    conftest.c  >&5
configure:3255: $? = 0
configure:3305: result: yes
configure:3308: checking for C compiler default output file name
configure:3310: result: a.out
configure:3316: checking for suffix of executables
configure:3323: gcc -o conftest    conftest.c  >&5
configure:3327: $? = 0
configure:3350: result: 
configure:3372: checking whether we are cross compiling
configure:3380: gcc -o conftest    conftest.c  >&5
configure:3384: $? = 0
configure:3391: ./conftest
configure:3395: $? = 0
configure:3410: result: no
configure:3415: checking for suffix of object files
configure:3438: gcc -c   conftest.c >&5
configure:3442: $? = 0
configure:3464: result: o
configure:3468: checking whether the compiler supports GNU C
configure:3488: gcc -c   conftest.c >&5
configure:3488: $? = 0
configure:3498: result: yes
configure:3509: checking whether gcc accepts -g
configure:3530: gcc -c -g  conftest.c >&5
configure:3530: $? = 0
configure:3574: result: yes
configure:3594: checking for gcc option to enable C11 features
configure:3609: gcc  -c -g -O2  conftest.c >&5
configure:3609: $? = 0
configure:3627: result: none needed
configure:3748: checking whether gcc understands -c and -o together
configure:3771: gcc -c conftest.c -o conftest2.o
configure:3774: $? = 0
configure:3771: gcc -c conftest.c -o conftest2.o
configure:3774: $? = 0
configure:3786: result: yes
configure:3808: checking for stdio.h
configure:3808: gcc -c -g -O2  conftest.c >&5
configure:3808: $? = 0
configure:3808: result: yes
configure:3808: checking for stdlib.h
configure:3808: gcc -c -g -O2  conftest.c >&5
configure:3808: $? = 0
configure:3808: result: yes
configure:3808: checking for string.h
configure:3808: gcc -c -g -O2  conftest.c >&5
configure:3808: $? = 0
configure:3808: result: yes
configure:3808: checking for inttypes.h
configure:3808: gcc -c -g -O2  conftest.c >&5
configure:3808: $? = 0
configure:3808: result: yes
configure:3808: checking for stdint.h
configure:3808: gcc -c -g -O2  conftest.c >&5
configure:3808: $? = 0
configure:3808: result: yes
configure:3808: checking for strings.h
configure:3808: gcc -c -g -O2  conftest.c >&5
configure:3808: $? = 0
configure:3808: result: yes
configure:3808: checking for sys/stat.h
configure:3808: gcc -c -g -O2  conftest.c >&5
configure:3808: $? = 0
configure:3808: result: yes
configure:3808: checking for sys/types.h
configure:3808: gcc -c -g -O2  conftest.c >&5
configure:3808: $? = 0
configure:3808: result: yes
configure:3808: checking for unistd.h
configure:3808: gcc -c -g -O2  conftest.c >&5
configure:3808: $? = 0
configure:3808: result: yes
configure:3833: checking whether byte ordering is bigendian
configure:3849: gcc -c -g -O2  conftest.c >&5
conftest.c:20:16: error: unknown type name 'not'
   20 |                not a universal capable compiler
      |                ^~~
conftest.c:20:22: error: expected '=', ',', ';', 'asm' or '__attribute__' before 'universal'
   20 |                not a universal capable compiler
      |                      ^~~~~~~~~
conftest.c:20:22: error: unknown type name 'universal'
configure:3849: $? = 1
configure: failed program was:
| /* confdefs.h */
| #define PACKAGE_NAME "cryptopANT"
| #define PACKAGE_TARNAME "cryptopANT"
| #define PACKAGE_VERSION "1.3.1"
| #define PACKAGE_STRING "cryptopANT 1.3.1"
| #define PACKAGE_BUGREPORT "ant@isi.edu"
| #define PACKAGE_URL ""
| #define HAVE_STDIO_H 1
| #define HAVE_STDLIB_H 1
| #define HAVE_STRING_H 1
| #define HAVE_INTTYPES_H 1
| #define HAVE_STDINT_H 1
| #define HAVE_STRINGS_H 1
| #define HAVE_SYS_STAT_H 1
| #define HAVE_SYS_TYPES_H 1
| #define HAVE_UNISTD_H 1
| #define STDC_HEADERS 1
| /* end confdefs.h.  */
| #ifndef __APPLE_CC__
| 	       not a universal capable compiler
| 	     #endif
| 	     typedef int dummy;
| 
configure:3895: gcc -c -g -O2  conftest.c >&5
configure:3895: $? = 0
configure:3914: gcc -c -g -O2  conftest.c >&5
conftest.c: In function 'main':
conftest.c:26:18: error: unknown type name 'not'; did you mean 'ino_t'?
   26 |                  not big endian
      |                  ^~~
      |                  ino_t
conftest.c:26:26: error: expected '=', ',', ';', 'asm' or '__attribute__' before 'endian'
   26 |                  not big endian
      |                          ^~~~~~
configure:3914: $? = 1
configure: failed program was:
| /* confdefs.h */
| #define PACKAGE_NAME "cryptopANT"
| #define PACKAGE_TARNAME "cryptopANT"
| #define PACKAGE_VERSION "1.3.1"
| #define PACKAGE_STRING "cryptopANT 1.3.1"
| #define PACKAGE_BUGREPORT "ant@isi.edu"
| #define PACKAGE_URL ""
| #define HAVE_STDIO_H 1
| #define HAVE_STDLIB_H 1
| #define HAVE_STRING_H 1
| #define HAVE_INTTYPES_H 1
| #define HAVE_STDINT_H 1
| #define HAVE_STRINGS_H 1
| #define HAVE_SYS_STAT_H 1
| #define HAVE_SYS_TYPES_H 1
| #define HAVE_UNISTD_H 1
| #define STDC_HEADERS 1
| /* end confdefs.h.  */
| #include <sys/types.h>
| 		#include <sys/param.h>
| 
| int
| main (void)
| {
| #if BYTE_ORDER != BIG_ENDIAN
| 		 not big endian
| 		#endif
| 
|   ;
|   return 0;
| }
configure:4048: result: no
configure:4071: checking for openssl/blowfish.h
configure:4071: gcc -c -g -O2  conftest.c >&5
configure:4071: $? = 0
configure:4071: result: yes
configure:4083: checking for openssl/sha.h
configure:4083: gcc -c -g -O2  conftest.c >&5
configure:4083: $? = 0
configure:4083: result: yes
configure:4095: checking for openssl/aes.h
configure:4095: gcc -c -g -O2  conftest.c >&5
configure:4095: $? = 0
configure:4095: result: yes
configure:4107: checking for openssl/md5.h
configure:4107: gcc -c -g -O2  conftest.c >&5
configure:4107: $? = 0
configure:4107: result: yes
configure:4119: checking for openssl/evp.h
configure:4119: gcc -c -g -O2  conftest.c >&5
configure:4119: $? = 0
configure:4119: result: yes
configure:4131: checking for openssl/provider.h
configure:4131: gcc -c -g -O2  conftest.c >&5
configure:4131: $? = 0
configure:4131: result: yes
configure:4143: checking for openssl/err.h
configure:4143: gcc -c -g -O2  conftest.c >&5
configure:4143: $? = 0
configure:4143: result: yes
configure:4155: checking for openssl/core_names.h
configure:4155: gcc -c -g -O2  conftest.c >&5
configure:4155: $? = 0
configure:4155: result: yes
configure:4169: checking for regex.h
configure:4169: gcc -c -g -O2  conftest.c >&5
configure:4169: $? = 0
configure:4169: result: yes
configure:4185: checking for regcomp
configure:4185: gcc -o conftest -g -O2   conftest.c  >&5
configure:4185: $? = 0
configure:4185: result: yes
configure:4185: checking for regexec
configure:4185: gcc -o conftest -g -O2   conftest.c  >&5
configure:4185: $? = 0
configure:4185: result: yes
configure:4212: checking for EVP_CIPHER_CTX_new in -lcrypto
configure:4235: gcc -o conftest -g -O2   conftest.c -lcrypto   >&5
configure:4235: $? = 0
configure:4245: result: yes
configure:4257: checking for EVP_MD_CTX_new in -lcrypto
configure:4280: gcc -o conftest -g -O2   conftest.c -lcrypto  -lcrypto  >&5
configure:4280: $? = 0
configure:4290: result: yes
configure:4315: checking for struct in6_addr.s6_addr32
configure:4315: gcc -c -g -O2  conftest.c >&5
configure:4315: $? = 0
configure:4315: result: yes
configure:4337: checking for strlcpy
configure:4337: gcc -o conftest -g -O2   conftest.c -lcrypto -lcrypto  >&5
conftest.c:33:9: warning: "HAVE_S6_ADDR32" redefined
   33 | #define HAVE_S6_ADDR32 1
      |         ^~~~~~~~~~~~~~
conftest.c:31:9: note: this is the location of the previous definition
   31 | #define HAVE_S6_ADDR32 0
      |         ^~~~~~~~~~~~~~
configure:4337: $? = 0
configure:4337: result: yes
configure:4345: checking for an ANSI C-conforming const
configure:4412: gcc -c -g -O2  conftest.c >&5
conftest.c:33:9: warning: "HAVE_S6_ADDR32" redefined
   33 | #define HAVE_S6_ADDR32 1
      |         ^~~~~~~~~~~~~~
conftest.c:31:9: note: this is the location of the previous definition
   31 | #define HAVE_S6_ADDR32 0
      |         ^~~~~~~~~~~~~~
configure:4412: $? = 0
configure:4420: result: yes
configure:4428: checking for size_t
configure:4428: gcc -c -g -O2  conftest.c >&5
conftest.c:33:9: warning: "HAVE_S6_ADDR32" redefined
   33 | #define HAVE_S6_ADDR32 1
      |         ^~~~~~~~~~~~~~
conftest.c:31:9: note: this is the location of the previous definition
   31 | #define HAVE_S6_ADDR32 0
      |         ^~~~~~~~~~~~~~
configure:4428: $? = 0
configure:4428: gcc -c -g -O2  conftest.c >&5
conftest.c:33:9: warning: "HAVE_S6_ADDR32" redefined
   33 | #define HAVE_S6_ADDR32 1
      |         ^~~~~~~~~~~~~~
conftest.c:31:9: note: this is the location of the previous definition
   31 | #define HAVE_S6_ADDR32 0
      |         ^~~~~~~~~~~~~~
conftest.c: In function 'main':
conftest.c:67:21: error: expected expression before ')' token
   67 | if (sizeof ((size_t)))
      |                     ^
configure:4428: $? = 1
configure: failed program was:
| /* confdefs.h */
| #define PACKAGE_NAME "cryptopANT"
| #define PACKAGE_TARNAME "cryptopANT"
| #define PACKAGE_VERSION "1.3.1"
| #define PACKAGE_STRING "cryptopANT 1.3.1"
| #define PACKAGE_BUGREPORT "ant@isi.edu"
| #define PACKAGE_URL ""
| #define HAVE_STDIO_H 1
| #define HAVE_STDLIB_H 1
| #define HAVE_STRING_H 1
| #define HAVE_INTTYPES_H 1
| #define HAVE_STDINT_H 1
| #define HAVE_STRINGS_H 1
| #define HAVE_SYS_STAT_H 1
| #define HAVE_SYS_TYPES_H 1
| #define HAVE_UNISTD_H 1
| #define STDC_HEADERS 1
| #define HAVE_OPENSSL_BLOWFISH_H 1
| #define HAVE_OPENSSL_SHA_H 1
| #define HAVE_OPENSSL_AES_H 1
| #define HAVE_OPENSSL_MD5_H 1
| #define HAVE_OPENSSL_EVP_H 1
| #define HAVE_OPENSSL_PROVIDER_H 1
| #define HAVE_OPENSSL_ERR_H 1
| #define HAVE_OPENSSL_CORE_NAMES_H 1
| #define HAVE_REGEX_H 1
| #define HAVE_REGCOMP 1
| #define HAVE_REGEXEC 1
| #define HAVE_LIBCRYPTO 1
| #define HAVE_LIBCRYPTO 1
| #define HAVE_S6_ADDR32 0
| #define HAVE__U6_ADDR32 0
| #define HAVE_S6_ADDR32 1
| #define HAVE_STRLCPY 1
| /* end confdefs.h.  */
| #include <stddef.h>
| #ifdef HAVE_STDIO_H
| # include <stdio.h>
| #endif
| #ifdef HAVE_STDLIB_H
| # include <stdlib.h>
| #endif
| #ifdef HAVE_STRING_H
| # include <string.h>
| #endif
| #ifdef HAVE_INTTYPES_H
| # include <inttypes.h>
| #endif
| #ifdef HAVE_STDINT_H
| # include <stdint.h>
| #endif
| #ifdef HAVE_STRINGS_H
| # include <strings.h>
| #endif
| #ifdef HAVE_SYS_TYPES_H
| # include <sys/types.h>
| #endif
| #ifdef HAVE_SYS_STAT_H
| # include <sys/stat.h>
| #endif
| #ifdef HAVE_UNISTD_H
| # include <unistd.h>
| #endif
| int
| main (void)
| {
| if (sizeof ((size_t)))
| 	    return 0;
|   ;
|   return 0;
| }
configure:4428: result: yes
configure:4438: checking for uint32_t
configure:4438: gcc -c -g -O2  conftest.c >&5
conftest.c:33:9: warning: "HAVE_S6_ADDR32" redefined
   33 | #define HAVE_S6_ADDR32 1
      |         ^~~~~~~~~~~~~~
conftest.c:31:9: note: this is the location of the previous definition
   31 | #define HAVE_S6_ADDR32 0
      |         ^~~~~~~~~~~~~~
configure:4438: $? = 0
configure:4438: result: yes
configure:4681: checking for a BSD-compatible install
configure:4754: result: /usr/bin/install -c
configure:4765: checking whether build environment is sane
configure:4820: result: yes
configure:4975: checking for a race-free mkdir -p
configure:5019: result: /usr/bin/mkdir -p
configure:5026: checking for gawk
configure:5061: result: no
configure:5026: checking for mawk
configure:5047: found /usr/bin/mawk
configure:5058: result: mawk
configure:5069: checking whether make sets $(MAKE)
configure:5092: result: yes
configure:5114: checking whether make supports the include directive
configure:5129: make -f confmf.GNU && cat confinc.out
this is the am__doit target
configure:5132: $? = 0
configure:5151: result: yes (GNU style)
configure:5186: checking whether make supports nested variables
configure:5204: result: yes
configure:5285: checking dependency style of gcc
configure:5397: result: gcc3
configure:5524: checking for ar
configure:5545: found /usr/bin/ar
configure:5556: result: ar
configure:5582: checking the archiver (ar) interface
configure:5599: gcc -c -g -O2  conftest.c >&5
conftest.c:33:9: warning: "HAVE_S6_ADDR32" redefined
   33 | #define HAVE_S6_ADDR32 1
      |         ^~~~~~~~~~~~~~
conftest.c:31:9: note: this is the location of the previous definition
   31 | #define HAVE_S6_ADDR32 0
      |         ^~~~~~~~~~~~~~
configure:5599: $? = 0
configure:5602: ar cru libconftest.a conftest.o >&5
ar: `u' modifier ignored since `D' is the default (see `U')
configure:5605: $? = 0
configure:5633: result: ar
configure:5685: checking build system type
configure:5700: result: x86_64-pc-linux-gnu
configure:5720: checking host system type
configure:5734: result: x86_64-pc-linux-gnu
configure:5775: checking how to print strings
configure:5802: result: printf
configure:5823: checking for a sed that does not truncate output
configure:5893: result: /usr/bin/sed
configure:5911: checking for grep that handles long lines and -e
configure:5975: result: /usr/bin/grep
configure:5980: checking for egrep
configure:6048: result: /usr/bin/grep -E
configure:6053: checking for fgrep
configure:6121: result: /usr/bin/grep -F
configure:6157: checking for ld used by gcc
configure:6225: result: /usr/bin/ld
configure:6232: checking if the linker (/usr/bin/ld) is GNU ld
configure:6248: result: yes
configure:6260: checking for BSD- or MS-compatible name lister (nm)
configure:6315: result: /usr/bin/nm -B
configure:6455: checking the name lister (/usr/bin/nm -B) interface
configure:6463: gcc -c -g -O2  conftest.c >&5
configure:6466: /usr/bin/nm -B "conftest.o"
configure:6469: output
0000000000000000 B some_variable
configure:6476: result: BSD nm
configure:6479: checking whether ln -s works
configure:6483: result: yes
configure:6491: checking the maximum length of command line arguments
configure:6623: result: 1572864
configure:6671: checking how to convert x86_64-pc-linux-gnu file names to x86_64-pc-linux-gnu format
configure:6712: result: func_convert_file_noop
configure:6719: checking how to convert x86_64-pc-linux-gnu file names to toolchain format
configure:6740: result: func_convert_file_noop
configure:6747: checking for /usr/bin/ld option to reload object files
configure:6755: result: -r
configure:6834: checking for file
configure:6855: found /usr/bin/file
configure:6866: result: file
configure:6942: checking for objdump
configure:6963: found /usr/bin/objdump
configure:6974: result: objdump
configure:7006: checking how to recognize dependent libraries
configure:7207: result: pass_all
configure:7297: checking for dlltool
configure:7332: result: no
configure:7362: checking how to associate runtime and link libraries
configure:7390: result: printf %s\n
configure:7540: checking for archiver @FILE support
configure:7558: gcc -c -g -O2  conftest.c >&5
conftest.c:33:9: warning: "HAVE_S6_ADDR32" redefined
   33 | #define HAVE_S6_ADDR32 1
      |         ^~~~~~~~~~~~~~
conftest.c:31:9: note: this is the location of the previous definition
   31 | #define HAVE_S6_ADDR32 0
      |         ^~~~~~~~~~~~~~
configure:7558: $? = 0
configure:7562: ar cr libconftest.a @conftest.lst >&5
configure:7565: $? = 0
configure:7570: ar cr libconftest.a @conftest.lst >&5
ar: conftest.o: No such file or directory
configure:7573: $? = 1
configure:7585: result: @
configure:7648: checking for strip
configure:7669: found /usr/bin/strip
configure:7680: result: strip
configure:7757: checking for ranlib
configure:7778: found /usr/bin/ranlib
configure:7789: result: ranlib
configure:7891: checking command to parse /usr/bin/nm -B output from gcc object
configure:8045: gcc -c -g -O2  conftest.c >&5
configure:8048: $? = 0
configure:8052: /usr/bin/nm -B conftest.o \| /usr/bin/sed -n -e 's/^.*[ ]\([ABCDGIRSTW][ABCDGIRSTW]*\)[ ][ ]*\([_A-Za-z][_A-Za-z0-9]*\)$/\1 \2 \2/p' | /usr/bin/sed '/ __gnu_lto/d' \> conftest.nm
configure:8055: $? = 0
configure:8121: gcc -o conftest -g -O2   conftest.c conftstm.o >&5
configure:8124: $? = 0
configure:8162: result: ok
configure:8209: checking for sysroot
configure:8240: result: no
configure:8247: checking for a working dd
configure:8291: result: /usr/bin/dd
configure:8295: checking how to truncate binary pipes
configure:8311: result: /usr/bin/dd bs=4096 count=1
configure:8448: gcc -c -g -O2  conftest.c >&5
configure:8451: $? = 0
configure:8648: checking for mt
configure:8669: found /usr/bin/mt
configure:8680: result: mt
configure:8703: checking if mt is a manifest tool
configure:8710: mt '-?'
configure:8718: result: no
configure:9439: checking for dlfcn.h
configure:9439: gcc -c -g -O2  conftest.c >&5
conftest.c:33:9: warning: "HAVE_S6_ADDR32" redefined
   33 | #define HAVE_S6_ADDR32 1
      |         ^~~~~~~~~~~~~~
conftest.c:31:9: note: this is the location of the previous definition
   31 | #define HAVE_S6_ADDR32 0
      |         ^~~~~~~~~~~~~~
configure:9439: $? = 0
configure:9439: result: yes
configure:9636: checking for objdir
configure:9652: result: .libs
configure:9916: checking if gcc supports -fno-rtti -fno-exceptions
configure:9935: gcc -c -g -O2  -fno-rtti -fno-exceptions conftest.c >&5
cc1: warning: command-line option '-fno-rtti' is valid for C++/D/ObjC++ but not for C
configure:9939: $? = 0
configure:9952: result: no
configure:10310: checking for gcc option to produce PIC
configure:10318: result: -fPIC -DPIC
configure:10326: checking if gcc PIC flag -fPIC -DPIC works
configure:10345: gcc -c -g -O2  -fPIC -DPIC -DPIC conftest.c >&5
configure:10349: $? = 0
configure:10362: result: yes
configure:10391: checking if gcc static flag -static works
configure:10420: result: yes
configure:10435: checking if gcc supports -c -o file.o
configure:10457: gcc -c -g -O2  -o out/conftest2.o conftest.c >&5
configure:10461: $? = 0
configure:10483: result: yes
configure:10491: checking if gcc supports -c -o file.o
configure:10539: result: yes
configure:10572: checking whether the gcc linker (/usr/bin/ld -m elf_x86_64) supports shared libraries
configure:11840: result: yes
configure:12081: checking dynamic linker characteristics
configure:12663: gcc -o conftest -g -O2   -Wl,-rpath -Wl,/foo conftest.c -lcrypto -lcrypto  >&5
conftest.c:33:9: warning: "HAVE_S6_ADDR32" redefined
   33 | #define HAVE_S6_ADDR32 1
      |         ^~~~~~~~~~~~~~
conftest.c:31:9: note: this is the location of the previous definition
   31 | #define HAVE_S6_ADDR32 0
      |         ^~~~~~~~~~~~~~
configure:12663: $? = 0
configure:12905: result: GNU/Linux ld.so
configure:13027: checking how to hardcode library paths into programs
configure:13052: result: immediate
configure:13604: checking whether stripping libraries is possible
configure:13613: result: yes
configure:13655: checking if libtool supports shared libraries
configure:13657: result: yes
configure:13660: checking whether to build shared libraries
configure:13685: result: no
configure:13688: checking whether to build static libraries
configure:13692: result: yes
configure:13846: checking that generated files are newer than configure
configure:13852: result: done
configure:13875: creating ./config.status

## ---------------------- ##
## Running config.status. ##
## ---------------------- ##

This file was extended by cryptopANT config.status 1.3.1, which was
generated by GNU Autoconf 2.71.  Invocation command line was

  CONFIG_FILES    = 
  CONFIG_HEADERS  = 
  CONFIG_LINKS    = 
  CONFIG_COMMANDS = 
  $ ./config.status 

on pedro-andrade-Legion-5-15IAH7H

config.status:1106: creating Makefile
config.status:1106: creating cryptopANT.spec
config.status:1106: creating src/config.h
config.status:1335: executing depfiles commands
config.status:1412: cd .       && sed -e '/# am--include-marker/d' Makefile         | make -f - am--depfiles
config.status:1417: $? = 0
config.status:1335: executing libtool commands

## ---------------- ##
## Cache variables. ##
## ---------------- ##

ac_cv_build=x86_64-pc-linux-gnu
ac_cv_c_bigendian=no
ac_cv_c_compiler_gnu=yes
ac_cv_c_const=yes
ac_cv_c_uint32_t=yes
ac_cv_env_CC_set=
ac_cv_env_CC_value=
ac_cv_env_CFLAGS_set=
ac_cv_env_CFLAGS_value=
ac_cv_env_CPPFLAGS_set=
ac_cv_env_CPPFLAGS_value=
ac_cv_env_LDFLAGS_set=
ac_cv_env_LDFLAGS_value=
ac_cv_env_LIBS_set=
ac_cv_env_LIBS_value=
ac_cv_env_LT_SYS_LIBRARY_PATH_set=
ac_cv_env_LT_SYS_LIBRARY_PATH_value=
ac_cv_env_build_alias_set=
ac_cv_env_build_alias_value=
ac_cv_env_host_alias_set=
ac_cv_env_host_alias_value=
ac_cv_env_target_alias_set=
ac_cv_env_target_alias_value=
ac_cv_func_regcomp=yes
ac_cv_func_regexec=yes
ac_cv_func_strlcpy=yes
ac_cv_header_dlfcn_h=yes
ac_cv_header_inttypes_h=yes
ac_cv_header_openssl_aes_h=yes
ac_cv_header_openssl_blowfish_h=yes
ac_cv_header_openssl_core_names_h=yes
ac_cv_header_openssl_err_h=yes
ac_cv_header_openssl_evp_h=yes
ac_cv_header_openssl_md5_h=yes
ac_cv_header_openssl_provider_h=yes
ac_cv_header_openssl_sha_h=yes
ac_cv_header_regex_h=yes
ac_cv_header_stdint_h=yes
ac_cv_header_stdio_h=yes
ac_cv_header_stdlib_h=yes
ac_cv_header_string_h=yes
ac_cv_header_strings_h=yes
ac_cv_header_sys_stat_h=yes
ac_cv_header_sys_types_h=yes
ac_cv_header_unistd_h=yes
ac_cv_host=x86_64-pc-linux-gnu
ac_cv_lib_crypto_EVP_CIPHER_CTX_new=yes
ac_cv_lib_crypto_EVP_MD_CTX_new=yes
ac_cv_member_struct_in6_addr_s6_addr32=yes
ac_cv_objext=o
ac_cv_path_EGREP='/usr/bin/grep -E'
ac_cv_path_FGREP='/usr/bin/grep -F'
ac_cv_path_GREP=/usr/bin/grep
ac_cv_path_SED=/usr/bin/sed
ac_cv_path_install='/usr/bin/install -c'
ac_cv_path_lt_DD=/usr/bin/dd
ac_cv_path_mkdir=/usr/bin/mkdir
ac_cv_prog_AWK=mawk
ac_cv_prog_ac_ct_AR=ar
ac_cv_prog_ac_ct_CC=gcc
ac_cv_prog_ac_ct_FILECMD=file
ac_cv_prog_ac_ct_MANIFEST_TOOL=mt
ac_cv_prog_ac_ct_OBJDUMP=objdump
ac_cv_prog_ac_ct_RANLIB=ranlib
ac_cv_prog_ac_ct_STRIP=strip
ac_cv_prog_cc_c11=
ac_cv_prog_cc_g=yes
ac_cv_prog_cc_stdc=
ac_cv_prog_make_make_set=yes
ac_cv_type_size_t=yes
am_cv_CC_dependencies_compiler_type=gcc3
am_cv_ar_interface=ar
am_cv_make_support_nested_variables=yes
am_cv_prog_cc_c_o=yes
lt_cv_ar_at_file=@
lt_cv_deplibs_check_method=pass_all
lt_cv_file_magic_cmd='$MAGIC_CMD'
lt_cv_file_magic_test_file=
lt_cv_ld_reload_flag=-r
lt_cv_nm_interface='BSD nm'
lt_cv_objdir=.libs
lt_cv_path_LD=/usr/bin/ld
lt_cv_path_NM='/usr/bin/nm -B'
lt_cv_path_mainfest_tool=no
lt_cv_prog_compiler_c_o=yes
lt_cv_prog_compiler_pic='-fPIC -DPIC'
lt_cv_prog_compiler_pic_works=yes
lt_cv_prog_compiler_rtti_exceptions=no
lt_cv_prog_compiler_static_works=yes
lt_cv_prog_gnu_ld=yes
lt_cv_sharedlib_from_linklib_cmd='printf %s\n'
lt_cv_shlibpath_overrides_runpath=yes
lt_cv_sys_global_symbol_pipe='/usr/bin/sed -n -e '\''s/^.*[	 ]\([ABCDGIRSTW][ABCDGIRSTW]*\)[	 ][	 ]*\([_A-Za-z][_A-Za-z0-9]*\)$/\1 \2 \2/p'\'' | /usr/bin/sed '\''/ __gnu_lto/d'\'''
lt_cv_sys_global_symbol_to_c_name_address='/usr/bin/sed -n -e '\''s/^: \(.*\) .*$/  {"\1", (void *) 0},/p'\'' -e '\''s/^[ABCDGIRSTW][ABCDGIRSTW]* .* \(.*\)$/  {"\1", (void *) \&\1},/p'\'''
lt_cv_sys_global_symbol_to_c_name_address_lib_prefix='/usr/bin/sed -n -e '\''s/^: \(.*\) .*$/  {"\1", (void *) 0},/p'\'' -e '\''s/^[ABCDGIRSTW][ABCDGIRSTW]* .* \(lib.*\)$/  {"\1", (void *) \&\1},/p'\'' -e '\''s/^[ABCDGIRSTW][ABCDGIRSTW]* .* \(.*\)$/  {"lib\1", (void *) \&\1},/p'\'''
lt_cv_sys_global_symbol_to_cdecl='/usr/bin/sed -n -e '\''s/^T .* \(.*\)$/extern int \1();/p'\'' -e '\''s/^[ABCDGIRSTW][ABCDGIRSTW]* .* \(.*\)$/extern char \1;/p'\'''
lt_cv_sys_global_symbol_to_import=
lt_cv_sys_max_cmd_len=1572864
lt_cv_to_host_file_cmd=func_convert_file_noop
lt_cv_to_tool_file_cmd=func_convert_file_noop
lt_cv_truncate_bin='/usr/bin/dd bs=4096 count=1'

## ----------------- ##
## Output variables. ##
## ----------------- ##

ACLOCAL='${SHELL} '\''/home/pedro-andrade/Projects/ufsm/tcc/sniffer/lib/cryptopANT-1.3.1/missing'\'' aclocal-1.16'
AMDEPBACKSLASH='\'
AMDEP_FALSE='#'
AMDEP_TRUE=''
AMTAR='$${TAR-tar}'
AM_BACKSLASH='\'
AM_DEFAULT_V='$(AM_DEFAULT_VERBOSITY)'
AM_DEFAULT_VERBOSITY='1'
AM_V='$(V)'
AR='ar'
AUTOCONF='${SHELL} '\''/home/pedro-andrade/Projects/ufsm/tcc/sniffer/lib/cryptopANT-1.3.1/missing'\'' autoconf'
AUTOHEADER='${SHELL} '\''/home/pedro-andrade/Projects/ufsm/tcc/sniffer/lib/cryptopANT-1.3.1/missing'\'' autoheader'
AUTOMAKE='${SHELL} '\''/home/pedro-andrade/Projects/ufsm/tcc/sniffer/lib/cryptopANT-1.3.1/missing'\'' automake-1.16'
AWK='mawk'
BUILD_SCRAMBLE_IPS_FALSE=''
BUILD_SCRAMBLE_IPS_TRUE='#'
CC='gcc'
CCDEPMODE='depmode=gcc3'
CFLAGS='-g -O2'
CPPFLAGS=''
CRYPTOPANT_LIBRARY_VERSION='1:4:0'
CSCOPE='cscope'
CTAGS='ctags'
CYGPATH_W='echo'
DEFS='-DHAVE_CONFIG_H'
DEPDIR='.deps'
DLLTOOL='false'
DSYMUTIL=''
DUMPBIN=''
ECHO_C=''
ECHO_N='-n'
ECHO_T=''
EGREP='/usr/bin/grep -E'
ETAGS='etags'
EXEEXT=''
FGREP='/usr/bin/grep -F'
FILECMD='file'
GREP='/usr/bin/grep'
INSTALL_DATA='${INSTALL} -m 644'
INSTALL_PROGRAM='${INSTALL}'
INSTALL_SCRIPT='${INSTALL}'
INSTALL_STRIP_PROGRAM='$(install_sh) -c -s'
LD='/usr/bin/ld -m elf_x86_64'
LDFLAGS=''
LIBOBJS=''
LIBS='-lcrypto -lcrypto '
LIBTOOL='$(SHELL) $(top_builddir)/libtool'
LIPO=''
LN_S='ln -s'
LTLIBOBJS=''
LT_SYS_LIBRARY_PATH=''
MAKEINFO='${SHELL} '\''/home/pedro-andrade/Projects/ufsm/tcc/sniffer/lib/cryptopANT-1.3.1/missing'\'' makeinfo'
MANIFEST_TOOL=':'
MKDIR_P='/usr/bin/mkdir -p'
NM='/usr/bin/nm -B'
NMEDIT=''
OBJDUMP='objdump'
OBJEXT='o'
OTOOL64=''
OTOOL=''
PACKAGE='cryptopANT'
PACKAGE_BUGREPORT='ant@isi.edu'
PACKAGE_NAME='cryptopANT'
PACKAGE_STRING='cryptopANT 1.3.1'
PACKAGE_TARNAME='cryptopANT'
PACKAGE_URL=''
PACKAGE_VERSION='1.3.1'
PACKAGE_VERSION_MAJOR='1'
PACKAGE_VERSION_MICRO='1'
PACKAGE_VERSION_MINOR='3'
PATH_SEPARATOR=':'
RANLIB='ranlib'
SED='/usr/bin/sed'
SET_MAKE=''
SHELL='/bin/bash'
STRIP='strip'
VERSION='1.3.1'
ac_ct_AR='ar'
ac_ct_CC='gcc'
ac_ct_DUMPBIN=''
am__EXEEXT_FALSE=''
am__EXEEXT_TRUE='#'
am__fastdepCC_FALSE='#'
am__fastdepCC_TRUE=''
am__include='include'
am__isrc=''
am__leading_dot='.'
am__nodep='_no'
am__quote=''
am__tar='$${TAR-tar} chof - "$$tardir"'
am__untar='$${TAR-tar} xf -'
bindir='${exec_prefix}/bin'
build='x86_64-pc-linux-gnu'
build_alias=''
build_cpu='x86_64'
build_os='linux-gnu'
build_vendor='pc'
datadir='${datarootdir}'
datarootdir='${prefix}/share'
docdir='${datarootdir}/doc/${PACKAGE_TARNAME}'
dvidir='${docdir}'
exec_prefix='${prefix}'
host='x86_64-pc-linux-gnu'
host_alias=''
host_cpu='x86_64'
host_os='linux-gnu'
host_vendor='pc'
htmldir='${docdir}'
includedir='${prefix}/include'
infodir='${datarootdir}/info'
install_sh='${SHELL} /home/pedro-andrade/Projects/ufsm/tcc/sniffer/lib/cryptopANT-1.3.1/install-sh'
libdir='${exec_prefix}/lib'
libexecdir='${exec_prefix}/libexec'
localedir='${datarootdir}/locale'
localstatedir='${prefix}/var'
mandir='${datarootdir}/man'
mkdir_p='$(MKDIR_P)'
oldincludedir='/usr/include'
pdfdir='${docdir}'
prefix='/home/pedro-andrade/Projects/ufsm/tcc/sniffer/lib/install/cryptopANT'
program_transform_name='s,x,x,'
psdir='${docdir}'
runstatedir='${localstatedir}/run'
sbindir='${exec_prefix}/sbin'
sharedstatedir='${prefix}/com'
sysconfdir='${prefix}/etc'
target_alias=''

## ----------- ##
## confdefs.h. ##
## ----------- ##

/* confdefs.h */
#define PACKAGE_NAME "cryptopANT"
#define PACKAGE_TARNAME "cryptopANT"
#define PACKAGE_VERSION "1.3.1"
#define PACKAGE_STRING "cryptopANT 1.3.1"
#define PACKAGE_BUGREPORT "ant@isi.edu"
#define PACKAGE_URL ""
#define HAVE_STDIO_H 1
#define HAVE_STDLIB_H 1
#define HAVE_STRING_H 1
#define HAVE_INTTYPES_H 1
#define HAVE_STDINT_H 1
#define HAVE_STRINGS_H 1
#define HAVE_SYS_STAT_H 1
#define HAVE_SYS_TYPES_H 1
#define HAVE_UNISTD_H 1
#define STDC_HEADERS 1
#define HAVE_OPENSSL_BLOWFISH_H 1
#define HAVE_OPENSSL_SHA_H 1
#define HAVE_OPENSSL_AES_H 1
#define HAVE_OPENSSL_MD5_H 1
#define HAVE_OPENSSL_EVP_H 1
#define HAVE_OPENSSL_PROVIDER_H 1
#define HAVE_OPENSSL_ERR_H 1
#define HAVE_OPENSSL_CORE_NAMES_H 1
#define HAVE_REGEX_H 1
#define HAVE_REGCOMP 1
#define HAVE_REGEXEC 1
#define HAVE_LIBCRYPTO 1
#define HAVE_LIBCRYPTO 1
#define HAVE_S6_ADDR32 0
#define HAVE__U6_ADDR32 0
#define HAVE_S6_ADDR32 1
#define HAVE_STRLCPY 1
#define PACKAGE "cryptopANT"
#define VERSION "1.3.1"
#define HAVE_DLFCN_H 1
#define LT_OBJDIR ".libs/"

configure: exit 0
